<?xml version="1.0" encoding="UTF-8"?>
<testsuites>
  <testsuite time="1.534" tests="1" errors="0" failures="0" assertions="1" name="cookbook">
    <testcase class="Qunit.cookbook" name="cookbook testing works">
    </testcase>
  </testsuite>
  <testsuite time="0.423" tests="4" errors="0" failures="0" assertions="10" name="Model: Cookbook.Models.Recipe">
    <testcase class="Qunit.Model: Cookbook.Models.Recipe" name="findAll">
    </testcase>
    <testcase class="Qunit.Model: Cookbook.Models.Recipe" name="create">
    </testcase>
    <testcase class="Qunit.Model: Cookbook.Models.Recipe" name="update">
    </testcase>
    <testcase class="Qunit.Model: Cookbook.Models.Recipe" name="destroy">
    </testcase>
  </testsuite>
</testsuites>
